<?xml version="1.0" encoding="UTF-8"?>
<!-- Generated by org.testng.reporters.JUnitReportReporter -->
<testsuite hostname="LTIN322797" failures="0" tests="1" name="Test.FirstTest" time="10.700" errors="0" timestamp="2023-11-11T15:54:30 IST" skipped="0">
  <testcase classname="Test.FirstTest" name="checkOrder" time="10.700"/>
</testsuite> <!-- Test.FirstTest -->
