<?xml version="1.0" encoding="UTF-8"?>
<!-- Generated by org.testng.reporters.JUnitReportReporter -->
<testsuite hostname="LTIN322797" failures="0" tests="1" name="Test.testStartToEnd" time="5.910" errors="0" timestamp="2023-11-13T08:43:03 IST" skipped="0">
  <testcase classname="Test.testStartToEnd" name="loginToApp" time="5.910"/>
</testsuite> <!-- Test.testStartToEnd -->
