<?xml version="1.0" encoding="UTF-8"?>
<!-- Generated by org.testng.reporters.JUnitReportReporter -->
<testsuite hostname="LTIN322797" failures="0" tests="1" name="Test.FirstTest" time="12.927" errors="0" timestamp="2023-11-12T08:16:29 IST" skipped="0">
  <testcase classname="Test.FirstTest" name="checkOrder" time="12.927"/>
</testsuite> <!-- Test.FirstTest -->
